<?xml version="1.0" encoding="UTF-8"?>
<!-- Generated by org.testng.reporters.JUnitReportReporter -->
<testsuite hostname="DESKTOP-9R8V8K8" failures="0" tests="2" name="com.runners.TestRunner" time="8.985" errors="0" timestamp="2024-06-20T11:33:28 BST" skipped="0">
  <testcase classname="com.runners.TestRunner" name="runScenario" time="4.142"/>
  <testcase classname="com.runners.TestRunner" name="runScenario" time="4.843"/>
</testsuite> <!-- com.runners.TestRunner -->
